build/app/intermediates/manifest_merge_blame_file/debug/manifest-merger-blame-debug-report.txt
1<?xml version="1.0" encoding="utf-8"?>
2<manifest xmlns:android="http://schemas.android.com/apk/res/android"
3    package="com.example.logistic_app"
4    android:versionCode="1"
5    android:versionName="1.0.0" >
6
7    <uses-sdk
8        android:minSdkVersion="21"
9        android:targetSdkVersion="34" />
10    <!--
11         The INTERNET permission is required for development. Specifically,
12         the Flutter tool needs it to communicate with the running application
13         to allow setting breakpoints, to provide hot reload, etc.
14    -->
15    <uses-permission android:name="android.permission.INTERNET" />
15-->src\debug\AndroidManifest.xml:6:5-66
15-->src\debug\AndroidManifest.xml:6:22-64
16    <!--
17     Required to query activities that can process text, see:
18         https://developer.android.com/training/package-visibility and
19         https://developer.android.com/reference/android/content/Intent#ACTION_PROCESS_TEXT.
20
21         In particular, this is used by the Flutter engine in io.flutter.plugin.text.ProcessTextPlugin.
22    -->
23    <queries>
23-->src\main\AndroidManifest.xml:41:5-46:15
24        <intent>
24-->src\main\AndroidManifest.xml:42:9-45:18
25            <action android:name="android.intent.action.PROCESS_TEXT" />
25-->src\main\AndroidManifest.xml:43:13-72
25-->src\main\AndroidManifest.xml:43:21-70
26
27            <data android:mimeType="text/plain" />
27-->src\main\AndroidManifest.xml:44:13-50
27-->src\main\AndroidManifest.xml:44:19-48
28        </intent>
29        <!-- Needs to be explicitly declared on Android R+ -->
30        <package android:name="com.google.android.apps.maps" />
30-->[com.google.android.gms:play-services-maps:18.2.0] AndroidManifest.xml:33:9-64
30-->[com.google.android.gms:play-services-maps:18.2.0] AndroidManifest.xml:33:18-61
31    </queries>
32
33    <uses-permission android:name="android.permission.POST_NOTIFICATIONS" />
33-->[:awesome_notifications] AndroidManifest.xml:7:5-77
33-->[:awesome_notifications] AndroidManifest.xml:7:22-74
34    <uses-permission android:name="android.permission.BROADCAST_CLOSE_SYSTEM_DIALOGS" />
34-->[:awesome_notifications] AndroidManifest.xml:8:5-89
34-->[:awesome_notifications] AndroidManifest.xml:8:22-86
35    <uses-permission android:name="android.permission.RECEIVE_BOOT_COMPLETED" />
35-->[:awesome_notifications] AndroidManifest.xml:9:5-81
35-->[:awesome_notifications] AndroidManifest.xml:9:22-78
36    <uses-permission android:name="android.permission.VIBRATE" />
36-->[:awesome_notifications] AndroidManifest.xml:10:5-66
36-->[:awesome_notifications] AndroidManifest.xml:10:22-63
37    <uses-permission android:name="android.permission.ACCESS_NETWORK_STATE" />
37-->[:firebase_analytics] AndroidManifest.xml:7:5-79
37-->[:firebase_analytics] AndroidManifest.xml:7:22-76
38    <uses-permission android:name="android.permission.WAKE_LOCK" />
38-->[:firebase_analytics] AndroidManifest.xml:9:5-68
38-->[:firebase_analytics] AndroidManifest.xml:9:22-65
39    <uses-permission
39-->[me.carda:AndroidAwnCore:0.9.3] AndroidManifest.xml:10:5-12:38
40        android:name="android.permission.BIND_NOTIFICATION_LISTENER_SERVICE"
40-->[me.carda:AndroidAwnCore:0.9.3] AndroidManifest.xml:11:9-77
41        android:maxSdkVersion="22" />
41-->[me.carda:AndroidAwnCore:0.9.3] AndroidManifest.xml:12:9-35
42
43    <uses-feature
43-->[com.google.android.gms:play-services-maps:18.2.0] AndroidManifest.xml:26:5-28:35
44        android:glEsVersion="0x00020000"
44-->[com.google.android.gms:play-services-maps:18.2.0] AndroidManifest.xml:27:9-41
45        android:required="true" /> <!-- Required by older versions of Google Play services to create IID tokens -->
45-->[com.google.android.gms:play-services-maps:18.2.0] AndroidManifest.xml:28:9-32
46    <uses-permission android:name="com.google.android.c2dm.permission.RECEIVE" />
46-->[com.google.firebase:firebase-messaging:24.0.1] AndroidManifest.xml:26:5-82
46-->[com.google.firebase:firebase-messaging:24.0.1] AndroidManifest.xml:26:22-79
47    <uses-permission android:name="com.google.android.gms.permission.AD_ID" />
47-->[com.google.android.gms:play-services-measurement-api:22.1.0] AndroidManifest.xml:25:5-79
47-->[com.google.android.gms:play-services-measurement-api:22.1.0] AndroidManifest.xml:25:22-76
48    <uses-permission android:name="android.permission.ACCESS_ADSERVICES_ATTRIBUTION" />
48-->[com.google.android.gms:play-services-measurement-api:22.1.0] AndroidManifest.xml:26:5-88
48-->[com.google.android.gms:play-services-measurement-api:22.1.0] AndroidManifest.xml:26:22-85
49    <uses-permission android:name="android.permission.ACCESS_ADSERVICES_AD_ID" />
49-->[com.google.android.gms:play-services-measurement-api:22.1.0] AndroidManifest.xml:27:5-82
49-->[com.google.android.gms:play-services-measurement-api:22.1.0] AndroidManifest.xml:27:22-79
50    <uses-permission android:name="com.google.android.finsky.permission.BIND_GET_INSTALL_REFERRER_SERVICE" />
50-->[com.google.android.gms:play-services-measurement:22.1.0] AndroidManifest.xml:26:5-110
50-->[com.google.android.gms:play-services-measurement:22.1.0] AndroidManifest.xml:26:22-107
51
52    <permission
52-->[androidx.core:core:1.13.1] AndroidManifest.xml:22:5-24:47
53        android:name="com.example.logistic_app.DYNAMIC_RECEIVER_NOT_EXPORTED_PERMISSION"
53-->[androidx.core:core:1.13.1] AndroidManifest.xml:23:9-81
54        android:protectionLevel="signature" />
54-->[androidx.core:core:1.13.1] AndroidManifest.xml:24:9-44
55
56    <uses-permission android:name="com.example.logistic_app.DYNAMIC_RECEIVER_NOT_EXPORTED_PERMISSION" /> <!-- for android -->
56-->[androidx.core:core:1.13.1] AndroidManifest.xml:26:5-97
56-->[androidx.core:core:1.13.1] AndroidManifest.xml:26:22-94
57    <!-- <uses-permission android:name="com.android.launcher.permission.READ_SETTINGS"/> -->
58    <!-- <uses-permission android:name="com.android.launcher.permission.WRITE_SETTINGS"/> -->
59    <!-- <uses-permission android:name="com.android.launcher.permission.INSTALL_SHORTCUT" /> -->
60    <!-- <uses-permission android:name="com.android.launcher.permission.UNINSTALL_SHORTCUT" /> -->
61    <!-- for Samsung -->
62    <uses-permission android:name="com.sec.android.provider.badge.permission.READ" />
62-->[me.leolin:ShortcutBadger:1.1.22] AndroidManifest.xml:19:5-86
62-->[me.leolin:ShortcutBadger:1.1.22] AndroidManifest.xml:19:22-83
63    <uses-permission android:name="com.sec.android.provider.badge.permission.WRITE" /> <!-- for htc -->
63-->[me.leolin:ShortcutBadger:1.1.22] AndroidManifest.xml:20:5-87
63-->[me.leolin:ShortcutBadger:1.1.22] AndroidManifest.xml:20:22-84
64    <uses-permission android:name="com.htc.launcher.permission.READ_SETTINGS" />
64-->[me.leolin:ShortcutBadger:1.1.22] AndroidManifest.xml:23:5-81
64-->[me.leolin:ShortcutBadger:1.1.22] AndroidManifest.xml:23:22-78
65    <uses-permission android:name="com.htc.launcher.permission.UPDATE_SHORTCUT" /> <!-- for sony -->
65-->[me.leolin:ShortcutBadger:1.1.22] AndroidManifest.xml:24:5-83
65-->[me.leolin:ShortcutBadger:1.1.22] AndroidManifest.xml:24:22-80
66    <uses-permission android:name="com.sonyericsson.home.permission.BROADCAST_BADGE" />
66-->[me.leolin:ShortcutBadger:1.1.22] AndroidManifest.xml:27:5-88
66-->[me.leolin:ShortcutBadger:1.1.22] AndroidManifest.xml:27:22-85
67    <uses-permission android:name="com.sonymobile.home.permission.PROVIDER_INSERT_BADGE" /> <!-- for apex -->
67-->[me.leolin:ShortcutBadger:1.1.22] AndroidManifest.xml:28:5-92
67-->[me.leolin:ShortcutBadger:1.1.22] AndroidManifest.xml:28:22-89
68    <uses-permission android:name="com.anddoes.launcher.permission.UPDATE_COUNT" /> <!-- for solid -->
68-->[me.leolin:ShortcutBadger:1.1.22] AndroidManifest.xml:31:5-84
68-->[me.leolin:ShortcutBadger:1.1.22] AndroidManifest.xml:31:22-81
69    <uses-permission android:name="com.majeur.launcher.permission.UPDATE_BADGE" /> <!-- for huawei -->
69-->[me.leolin:ShortcutBadger:1.1.22] AndroidManifest.xml:34:5-83
69-->[me.leolin:ShortcutBadger:1.1.22] AndroidManifest.xml:34:22-80
70    <uses-permission android:name="com.huawei.android.launcher.permission.CHANGE_BADGE" />
70-->[me.leolin:ShortcutBadger:1.1.22] AndroidManifest.xml:37:5-91
70-->[me.leolin:ShortcutBadger:1.1.22] AndroidManifest.xml:37:22-88
71    <uses-permission android:name="com.huawei.android.launcher.permission.READ_SETTINGS" />
71-->[me.leolin:ShortcutBadger:1.1.22] AndroidManifest.xml:38:5-92
71-->[me.leolin:ShortcutBadger:1.1.22] AndroidManifest.xml:38:22-89
72    <uses-permission android:name="com.huawei.android.launcher.permission.WRITE_SETTINGS" /> <!-- for ZUK -->
72-->[me.leolin:ShortcutBadger:1.1.22] AndroidManifest.xml:39:5-93
72-->[me.leolin:ShortcutBadger:1.1.22] AndroidManifest.xml:39:22-90
73    <uses-permission android:name="android.permission.READ_APP_BADGE" /> <!-- for OPPO -->
73-->[me.leolin:ShortcutBadger:1.1.22] AndroidManifest.xml:42:5-73
73-->[me.leolin:ShortcutBadger:1.1.22] AndroidManifest.xml:42:22-70
74    <uses-permission android:name="com.oppo.launcher.permission.READ_SETTINGS" />
74-->[me.leolin:ShortcutBadger:1.1.22] AndroidManifest.xml:45:5-82
74-->[me.leolin:ShortcutBadger:1.1.22] AndroidManifest.xml:45:22-79
75    <uses-permission android:name="com.oppo.launcher.permission.WRITE_SETTINGS" /> <!-- for EvMe -->
75-->[me.leolin:ShortcutBadger:1.1.22] AndroidManifest.xml:46:5-83
75-->[me.leolin:ShortcutBadger:1.1.22] AndroidManifest.xml:46:22-80
76    <uses-permission android:name="me.everything.badger.permission.BADGE_COUNT_READ" />
76-->[me.leolin:ShortcutBadger:1.1.22] AndroidManifest.xml:49:5-88
76-->[me.leolin:ShortcutBadger:1.1.22] AndroidManifest.xml:49:22-85
77    <uses-permission android:name="me.everything.badger.permission.BADGE_COUNT_WRITE" />
77-->[me.leolin:ShortcutBadger:1.1.22] AndroidManifest.xml:50:5-89
77-->[me.leolin:ShortcutBadger:1.1.22] AndroidManifest.xml:50:22-86
78
79    <application
80        android:name="android.app.Application"
81        android:appComponentFactory="androidx.core.app.CoreComponentFactory"
81-->[androidx.core:core:1.13.1] AndroidManifest.xml:28:18-86
82        android:debuggable="true"
83        android:extractNativeLibs="true"
84        android:icon="@mipmap/ic_launcher"
85        android:label="logistic_app" >
86        <meta-data
87            android:name="com.google.android.geo.API_KEY"
88            android:value="AIzaSyDEU0SDALQ9C0PBycbw9j9eNPbTlaaN2Ic" />
89
90        <activity
91            android:name="com.example.logistic_app.MainActivity"
92            android:configChanges="orientation|keyboardHidden|keyboard|screenSize|smallestScreenSize|locale|layoutDirection|fontScale|screenLayout|density|uiMode"
93            android:exported="true"
94            android:hardwareAccelerated="true"
95            android:launchMode="singleTop"
96            android:taskAffinity=""
97            android:theme="@style/LaunchTheme"
98            android:windowSoftInputMode="adjustResize" >
99
100            <!--
101                 Specifies an Android theme to apply to this Activity as soon as
102                 the Android process has started. This theme is visible to the user
103                 while the Flutter UI initializes. After that, this theme continues
104                 to determine the Window background behind the Flutter UI.
105            -->
106            <meta-data
107                android:name="io.flutter.embedding.android.NormalTheme"
108                android:resource="@style/NormalTheme" />
109
110            <intent-filter>
111                <action android:name="android.intent.action.MAIN" />
112
113                <category android:name="android.intent.category.LAUNCHER" />
114            </intent-filter>
115        </activity>
116        <!--
117             Don't delete the meta-data below.
118             This is used by the Flutter tool to generate GeneratedPluginRegistrant.java
119        -->
120        <meta-data
121            android:name="flutterEmbedding"
122            android:value="2" />
123
124        <receiver
124-->[:awesome_notifications] AndroidManifest.xml:13:9-15:39
125            android:name="me.carda.awesome_notifications.DartNotificationActionReceiver"
125-->[:awesome_notifications] AndroidManifest.xml:14:13-89
126            android:exported="true" />
126-->[:awesome_notifications] AndroidManifest.xml:15:13-36
127        <receiver
127-->[:awesome_notifications] AndroidManifest.xml:16:9-18:39
128            android:name="me.carda.awesome_notifications.DartDismissedNotificationReceiver"
128-->[:awesome_notifications] AndroidManifest.xml:17:13-92
129            android:exported="true" />
129-->[:awesome_notifications] AndroidManifest.xml:18:13-36
130        <receiver
130-->[:awesome_notifications] AndroidManifest.xml:19:9-21:39
131            android:name="me.carda.awesome_notifications.DartScheduledNotificationReceiver"
131-->[:awesome_notifications] AndroidManifest.xml:20:13-92
132            android:exported="true" />
132-->[:awesome_notifications] AndroidManifest.xml:21:13-36
133        <receiver
133-->[:awesome_notifications] AndroidManifest.xml:22:9-36:20
134            android:name="me.carda.awesome_notifications.DartRefreshSchedulesReceiver"
134-->[:awesome_notifications] AndroidManifest.xml:23:13-87
135            android:enabled="true"
135-->[:awesome_notifications] AndroidManifest.xml:24:13-35
136            android:exported="true" >
136-->[:awesome_notifications] AndroidManifest.xml:25:13-36
137            <intent-filter>
137-->[:awesome_notifications] AndroidManifest.xml:26:13-35:29
138                <category android:name="android.intent.category.DEFAULT" />
138-->[:awesome_notifications] AndroidManifest.xml:27:17-76
138-->[:awesome_notifications] AndroidManifest.xml:27:27-73
139
140                <action android:name="android.intent.action.BOOT_COMPLETED" />
140-->[:awesome_notifications] AndroidManifest.xml:29:17-79
140-->[:awesome_notifications] AndroidManifest.xml:29:25-76
141                <action android:name="android.intent.action.LOCKED_BOOT_COMPLETED" />
141-->[:awesome_notifications] AndroidManifest.xml:30:17-86
141-->[:awesome_notifications] AndroidManifest.xml:30:25-83
142                <action android:name="android.intent.action.MY_PACKAGE_REPLACED" />
142-->[:awesome_notifications] AndroidManifest.xml:31:17-84
142-->[:awesome_notifications] AndroidManifest.xml:31:25-81
143                <action android:name="android.intent.action.QUICKBOOT_POWERON" />
143-->[:awesome_notifications] AndroidManifest.xml:32:17-82
143-->[:awesome_notifications] AndroidManifest.xml:32:25-79
144                <action android:name="com.htc.intent.action.QUICKBOOT_POWERON" />
144-->[:awesome_notifications] AndroidManifest.xml:33:17-82
144-->[:awesome_notifications] AndroidManifest.xml:33:25-79
145                <action android:name="android.app.action.SCHEDULE_EXACT_ALARM_PERMISSION_STATE_CHANGED" />
145-->[:awesome_notifications] AndroidManifest.xml:34:17-107
145-->[:awesome_notifications] AndroidManifest.xml:34:25-104
146            </intent-filter>
147        </receiver>
148
149        <service
149-->[:awesome_notifications] AndroidManifest.xml:38:9-41:72
150            android:name="me.carda.awesome_notifications.DartBackgroundService"
150-->[:awesome_notifications] AndroidManifest.xml:39:13-80
151            android:exported="false"
151-->[:awesome_notifications] AndroidManifest.xml:40:13-37
152            android:permission="android.permission.BIND_JOB_SERVICE" />
152-->[:awesome_notifications] AndroidManifest.xml:41:13-69
153        <service
153-->[:awesome_notifications] AndroidManifest.xml:42:9-47:43
154            android:name="me.carda.awesome_notifications.core.services.ForegroundService"
154-->[:awesome_notifications] AndroidManifest.xml:43:13-90
155            android:enabled="true"
155-->[:awesome_notifications] AndroidManifest.xml:44:13-35
156            android:exported="false"
156-->[:awesome_notifications] AndroidManifest.xml:45:13-37
157            android:foregroundServiceType="phoneCall"
157-->[:awesome_notifications] AndroidManifest.xml:46:13-54
158            android:stopWithTask="true" />
158-->[:awesome_notifications] AndroidManifest.xml:47:13-40
159        <service
159-->[:firebase_analytics] AndroidManifest.xml:12:9-16:19
160            android:name="com.google.firebase.components.ComponentDiscoveryService"
160-->[:firebase_analytics] AndroidManifest.xml:12:18-89
161            android:directBootAware="true"
161-->[com.google.firebase:firebase-common:21.0.0] AndroidManifest.xml:32:13-43
162            android:exported="false" >
162-->[com.google.firebase:firebase-messaging:24.0.1] AndroidManifest.xml:56:13-37
163            <meta-data
163-->[:firebase_analytics] AndroidManifest.xml:13:13-15:85
164                android:name="com.google.firebase.components:io.flutter.plugins.firebase.analytics.FlutterFirebaseAppRegistrar"
164-->[:firebase_analytics] AndroidManifest.xml:14:17-128
165                android:value="com.google.firebase.components.ComponentRegistrar" />
165-->[:firebase_analytics] AndroidManifest.xml:15:17-82
166            <meta-data
166-->[:firebase_messaging] AndroidManifest.xml:36:13-38:85
167                android:name="com.google.firebase.components:io.flutter.plugins.firebase.messaging.FlutterFirebaseAppRegistrar"
167-->[:firebase_messaging] AndroidManifest.xml:37:17-128
168                android:value="com.google.firebase.components.ComponentRegistrar" />
168-->[:firebase_messaging] AndroidManifest.xml:38:17-82
169            <meta-data
169-->[:firebase_core] AndroidManifest.xml:9:13-11:85
170                android:name="com.google.firebase.components:io.flutter.plugins.firebase.core.FlutterFirebaseCoreRegistrar"
170-->[:firebase_core] AndroidManifest.xml:10:17-124
171                android:value="com.google.firebase.components.ComponentRegistrar" />
171-->[:firebase_core] AndroidManifest.xml:11:17-82
172            <meta-data
172-->[com.google.firebase:firebase-messaging:24.0.1] AndroidManifest.xml:57:13-59:85
173                android:name="com.google.firebase.components:com.google.firebase.messaging.FirebaseMessagingKtxRegistrar"
173-->[com.google.firebase:firebase-messaging:24.0.1] AndroidManifest.xml:58:17-122
174                android:value="com.google.firebase.components.ComponentRegistrar" />
174-->[com.google.firebase:firebase-messaging:24.0.1] AndroidManifest.xml:59:17-82
175            <meta-data
175-->[com.google.firebase:firebase-messaging:24.0.1] AndroidManifest.xml:60:13-62:85
176                android:name="com.google.firebase.components:com.google.firebase.messaging.FirebaseMessagingRegistrar"
176-->[com.google.firebase:firebase-messaging:24.0.1] AndroidManifest.xml:61:17-119
177                android:value="com.google.firebase.components.ComponentRegistrar" />
177-->[com.google.firebase:firebase-messaging:24.0.1] AndroidManifest.xml:62:17-82
178            <meta-data
178-->[com.google.android.gms:play-services-measurement-api:22.1.0] AndroidManifest.xml:37:13-39:85
179                android:name="com.google.firebase.components:com.google.firebase.analytics.connector.internal.AnalyticsConnectorRegistrar"
179-->[com.google.android.gms:play-services-measurement-api:22.1.0] AndroidManifest.xml:38:17-139
180                android:value="com.google.firebase.components.ComponentRegistrar" />
180-->[com.google.android.gms:play-services-measurement-api:22.1.0] AndroidManifest.xml:39:17-82
181            <meta-data
181-->[com.google.firebase:firebase-installations:18.0.0] AndroidManifest.xml:15:13-17:85
182                android:name="com.google.firebase.components:com.google.firebase.installations.FirebaseInstallationsKtxRegistrar"
182-->[com.google.firebase:firebase-installations:18.0.0] AndroidManifest.xml:16:17-130
183                android:value="com.google.firebase.components.ComponentRegistrar" />
183-->[com.google.firebase:firebase-installations:18.0.0] AndroidManifest.xml:17:17-82
184            <meta-data
184-->[com.google.firebase:firebase-installations:18.0.0] AndroidManifest.xml:18:13-20:85
185                android:name="com.google.firebase.components:com.google.firebase.installations.FirebaseInstallationsRegistrar"
185-->[com.google.firebase:firebase-installations:18.0.0] AndroidManifest.xml:19:17-127
186                android:value="com.google.firebase.components.ComponentRegistrar" />
186-->[com.google.firebase:firebase-installations:18.0.0] AndroidManifest.xml:20:17-82
187            <meta-data
187-->[com.google.firebase:firebase-common-ktx:21.0.0] AndroidManifest.xml:12:13-14:85
188                android:name="com.google.firebase.components:com.google.firebase.ktx.FirebaseCommonLegacyRegistrar"
188-->[com.google.firebase:firebase-common-ktx:21.0.0] AndroidManifest.xml:13:17-116
189                android:value="com.google.firebase.components.ComponentRegistrar" />
189-->[com.google.firebase:firebase-common-ktx:21.0.0] AndroidManifest.xml:14:17-82
190            <meta-data
190-->[com.google.firebase:firebase-common:21.0.0] AndroidManifest.xml:35:13-37:85
191                android:name="com.google.firebase.components:com.google.firebase.FirebaseCommonKtxRegistrar"
191-->[com.google.firebase:firebase-common:21.0.0] AndroidManifest.xml:36:17-109
192                android:value="com.google.firebase.components.ComponentRegistrar" />
192-->[com.google.firebase:firebase-common:21.0.0] AndroidManifest.xml:37:17-82
193            <meta-data
193-->[com.google.firebase:firebase-datatransport:18.2.0] AndroidManifest.xml:25:13-27:85
194                android:name="com.google.firebase.components:com.google.firebase.datatransport.TransportRegistrar"
194-->[com.google.firebase:firebase-datatransport:18.2.0] AndroidManifest.xml:26:17-115
195                android:value="com.google.firebase.components.ComponentRegistrar" />
195-->[com.google.firebase:firebase-datatransport:18.2.0] AndroidManifest.xml:27:17-82
196        </service>
197        <service
197-->[:firebase_messaging] AndroidManifest.xml:14:9-17:72
198            android:name="io.flutter.plugins.firebase.messaging.FlutterFirebaseMessagingBackgroundService"
198-->[:firebase_messaging] AndroidManifest.xml:15:13-107
199            android:exported="false"
199-->[:firebase_messaging] AndroidManifest.xml:16:13-37
200            android:permission="android.permission.BIND_JOB_SERVICE" />
200-->[:firebase_messaging] AndroidManifest.xml:17:13-69
201        <service
201-->[:firebase_messaging] AndroidManifest.xml:18:9-24:19
202            android:name="io.flutter.plugins.firebase.messaging.FlutterFirebaseMessagingService"
202-->[:firebase_messaging] AndroidManifest.xml:19:13-97
203            android:exported="false" >
203-->[:firebase_messaging] AndroidManifest.xml:20:13-37
204            <intent-filter>
204-->[:firebase_messaging] AndroidManifest.xml:21:13-23:29
205                <action android:name="com.google.firebase.MESSAGING_EVENT" />
205-->[:firebase_messaging] AndroidManifest.xml:22:17-78
205-->[:firebase_messaging] AndroidManifest.xml:22:25-75
206            </intent-filter>
207        </service>
208
209        <receiver
209-->[:firebase_messaging] AndroidManifest.xml:26:9-33:20
210            android:name="io.flutter.plugins.firebase.messaging.FlutterFirebaseMessagingReceiver"
210-->[:firebase_messaging] AndroidManifest.xml:27:13-98
211            android:exported="true"
211-->[:firebase_messaging] AndroidManifest.xml:28:13-36
212            android:permission="com.google.android.c2dm.permission.SEND" >
212-->[:firebase_messaging] AndroidManifest.xml:29:13-73
213            <intent-filter>
213-->[:firebase_messaging] AndroidManifest.xml:30:13-32:29
214                <action android:name="com.google.android.c2dm.intent.RECEIVE" />
214-->[:firebase_messaging] AndroidManifest.xml:31:17-81
214-->[:firebase_messaging] AndroidManifest.xml:31:25-78
215            </intent-filter>
216        </receiver>
217
218        <provider
218-->[:firebase_messaging] AndroidManifest.xml:41:9-45:38
219            android:name="io.flutter.plugins.firebase.messaging.FlutterFirebaseMessagingInitProvider"
219-->[:firebase_messaging] AndroidManifest.xml:42:13-102
220            android:authorities="com.example.logistic_app.flutterfirebasemessaginginitprovider"
220-->[:firebase_messaging] AndroidManifest.xml:43:13-88
221            android:exported="false"
221-->[:firebase_messaging] AndroidManifest.xml:44:13-37
222            android:initOrder="99" />
222-->[:firebase_messaging] AndroidManifest.xml:45:13-35
223        <provider
223-->[:image_picker_android] AndroidManifest.xml:9:9-17:20
224            android:name="io.flutter.plugins.imagepicker.ImagePickerFileProvider"
224-->[:image_picker_android] AndroidManifest.xml:10:13-82
225            android:authorities="com.example.logistic_app.flutter.image_provider"
225-->[:image_picker_android] AndroidManifest.xml:11:13-74
226            android:exported="false"
226-->[:image_picker_android] AndroidManifest.xml:12:13-37
227            android:grantUriPermissions="true" >
227-->[:image_picker_android] AndroidManifest.xml:13:13-47
228            <meta-data
228-->[:image_picker_android] AndroidManifest.xml:14:13-16:75
229                android:name="android.support.FILE_PROVIDER_PATHS"
229-->[:image_picker_android] AndroidManifest.xml:15:17-67
230                android:resource="@xml/flutter_image_picker_file_paths" />
230-->[:image_picker_android] AndroidManifest.xml:16:17-72
231        </provider> <!-- Trigger Google Play services to install the backported photo picker module. -->
232        <service
232-->[:image_picker_android] AndroidManifest.xml:19:9-31:19
233            android:name="com.google.android.gms.metadata.ModuleDependencies"
233-->[:image_picker_android] AndroidManifest.xml:20:13-78
234            android:enabled="false"
234-->[:image_picker_android] AndroidManifest.xml:21:13-36
235            android:exported="false" >
235-->[:image_picker_android] AndroidManifest.xml:22:13-37
236            <intent-filter>
236-->[:image_picker_android] AndroidManifest.xml:24:13-26:29
237                <action android:name="com.google.android.gms.metadata.MODULE_DEPENDENCIES" />
237-->[:image_picker_android] AndroidManifest.xml:25:17-94
237-->[:image_picker_android] AndroidManifest.xml:25:25-91
238            </intent-filter>
239
240            <meta-data
240-->[:image_picker_android] AndroidManifest.xml:28:13-30:36
241                android:name="photopicker_activity:0:required"
241-->[:image_picker_android] AndroidManifest.xml:29:17-63
242                android:value="" />
242-->[:image_picker_android] AndroidManifest.xml:30:17-33
243        </service>
244        <service
244-->[:geolocator_android] AndroidManifest.xml:8:9-12:56
245            android:name="com.baseflow.geolocator.GeolocatorLocationService"
245-->[:geolocator_android] AndroidManifest.xml:9:13-77
246            android:enabled="true"
246-->[:geolocator_android] AndroidManifest.xml:10:13-35
247            android:exported="false"
247-->[:geolocator_android] AndroidManifest.xml:11:13-37
248            android:foregroundServiceType="location" />
248-->[:geolocator_android] AndroidManifest.xml:12:13-53
249
250        <activity
250-->[:url_launcher_android] AndroidManifest.xml:8:9-11:74
251            android:name="io.flutter.plugins.urllauncher.WebViewActivity"
251-->[:url_launcher_android] AndroidManifest.xml:9:13-74
252            android:exported="false"
252-->[:url_launcher_android] AndroidManifest.xml:10:13-37
253            android:theme="@android:style/Theme.NoTitleBar.Fullscreen" />
253-->[:url_launcher_android] AndroidManifest.xml:11:13-71
254
255        <service
255-->[me.carda:AndroidAwnCore:0.9.3] AndroidManifest.xml:21:9-28:19
256            android:name="me.carda.awesome_notifications.core.managers.StatusBarManager"
256-->[me.carda:AndroidAwnCore:0.9.3] AndroidManifest.xml:22:13-89
257            android:exported="true"
257-->[me.carda:AndroidAwnCore:0.9.3] AndroidManifest.xml:23:13-36
258            android:label="My Notification Listener Service" >
258-->[me.carda:AndroidAwnCore:0.9.3] AndroidManifest.xml:24:13-61
259            <intent-filter>
259-->[me.carda:AndroidAwnCore:0.9.3] AndroidManifest.xml:25:13-27:29
260                <action android:name="android.service.notification.NotificationListenerService" />
260-->[me.carda:AndroidAwnCore:0.9.3] AndroidManifest.xml:26:17-99
260-->[me.carda:AndroidAwnCore:0.9.3] AndroidManifest.xml:26:25-96
261            </intent-filter>
262        </service> <!-- Needs to be explicitly declared on P+ -->
263        <uses-library
263-->[com.google.android.gms:play-services-maps:18.2.0] AndroidManifest.xml:39:9-41:40
264            android:name="org.apache.http.legacy"
264-->[com.google.android.gms:play-services-maps:18.2.0] AndroidManifest.xml:40:13-50
265            android:required="false" />
265-->[com.google.android.gms:play-services-maps:18.2.0] AndroidManifest.xml:41:13-37
266
267        <receiver
267-->[com.google.firebase:firebase-messaging:24.0.1] AndroidManifest.xml:29:9-40:20
268            android:name="com.google.firebase.iid.FirebaseInstanceIdReceiver"
268-->[com.google.firebase:firebase-messaging:24.0.1] AndroidManifest.xml:30:13-78
269            android:exported="true"
269-->[com.google.firebase:firebase-messaging:24.0.1] AndroidManifest.xml:31:13-36
270            android:permission="com.google.android.c2dm.permission.SEND" >
270-->[com.google.firebase:firebase-messaging:24.0.1] AndroidManifest.xml:32:13-73
271            <intent-filter>
271-->[:firebase_messaging] AndroidManifest.xml:30:13-32:29
272                <action android:name="com.google.android.c2dm.intent.RECEIVE" />
272-->[:firebase_messaging] AndroidManifest.xml:31:17-81
272-->[:firebase_messaging] AndroidManifest.xml:31:25-78
273            </intent-filter>
274
275            <meta-data
275-->[com.google.firebase:firebase-messaging:24.0.1] AndroidManifest.xml:37:13-39:40